2025-12-19 10:19:31 [main] INFO  c.e.o.OrderServiceApplication - Starting OrderServiceApplication using Java 21.0.9 with PID 7204 (C:\Users\pc\Desktop\ecommerce\order-service\target\classes started by pc in C:\Users\pc\Desktop\ecommerce\order-service)
2025-12-19 10:19:31 [main] DEBUG c.e.o.OrderServiceApplication - Running with Spring Boot v4.0.0, Spring v7.0.1
2025-12-19 10:19:31 [main] INFO  c.e.o.OrderServiceApplication - No active profile set, falling back to 1 default profile: "default"
2025-12-19 10:19:31 [main] DEBUG o.s.c.o.FeignClientsRegistrar$1 - Identified candidate component class: file [C:\Users\pc\Desktop\ecommerce\order-service\target\classes\com\ecommerce\orderservice\feign\ProductServiceClient.class]
2025-12-19 10:19:31 [main] DEBUG o.s.c.o.FeignClientsRegistrar$1 - Identified candidate component class: file [C:\Users\pc\Desktop\ecommerce\order-service\target\classes\com\ecommerce\orderservice\feign\UserServiceClient.class]
2025-12-19 10:19:31 [main] INFO  o.s.d.r.c.RepositoryConfigurationDelegate - Bootstrapping Spring Data JPA repositories in DEFAULT mode.
2025-12-19 10:19:31 [main] INFO  o.s.d.r.c.RepositoryConfigurationDelegate - Finished Spring Data repository scanning in 32 ms. Found 1 JPA repository interface.
2025-12-19 10:19:31 [main] INFO  o.s.cloud.context.scope.GenericScope - BeanFactory id=0c787f8f-d554-3e90-9461-e09d5ddf3f03
2025-12-19 10:19:32 [main] INFO  o.s.boot.tomcat.TomcatWebServer - Tomcat initialized with port 8083 (http)
2025-12-19 10:19:32 [main] INFO  o.a.catalina.core.StandardService - Starting service [Tomcat]
2025-12-19 10:19:32 [main] INFO  o.a.catalina.core.StandardEngine - Starting Servlet engine: [Apache Tomcat/11.0.14]
2025-12-19 10:19:32 [main] INFO  o.s.b.w.c.s.WebApplicationContextInitializer - Root WebApplicationContext: initialization completed in 800 ms
2025-12-19 10:19:32 [main] INFO  com.zaxxer.hikari.HikariDataSource - HikariPool-1 - Starting...
2025-12-19 10:19:32 [main] INFO  com.zaxxer.hikari.pool.HikariPool - HikariPool-1 - Added connection conn0: url=jdbc:h2:mem:23b60f67-0fd6-4425-ba00-2374394caf79 user=SA
2025-12-19 10:19:32 [main] INFO  com.zaxxer.hikari.HikariDataSource - HikariPool-1 - Start completed.
2025-12-19 10:19:32 [main] INFO  o.h.jpa.internal.util.LogHelper - HHH000204: Processing PersistenceUnitInfo [name: default]
2025-12-19 10:19:32 [main] INFO  org.hibernate.Version - HHH000412: Hibernate ORM core version 7.1.8.Final
2025-12-19 10:19:32 [main] INFO  o.s.o.j.p.SpringPersistenceUnitInfo - No LoadTimeWeaver setup: ignoring JPA class transformer
2025-12-19 10:19:32 [main] INFO  o.hibernate.orm.connections.pooling - HHH10001005: Database info:
	Database JDBC URL [jdbc:h2:mem:23b60f67-0fd6-4425-ba00-2374394caf79]
	Database driver: H2 JDBC Driver
	Database dialect: H2Dialect
	Database version: 2.4.240
	Default catalog/schema: 23B60F67-0FD6-4425-BA00-2374394CAF79/PUBLIC
	Autocommit mode: undefined/unknown
	Isolation level: READ_COMMITTED [default READ_COMMITTED]
	JDBC fetch size: 100
	Pool: DatasourceConnectionProviderImpl
	Minimum pool size: undefined/unknown
	Maximum pool size: undefined/unknown
2025-12-19 10:19:33 [main] INFO  o.h.e.t.j.p.i.JtaPlatformInitiator - HHH000489: No JTA platform available (set 'hibernate.transaction.jta.platform' to enable JTA platform integration)
2025-12-19 10:19:33 [main] DEBUG org.hibernate.SQL - drop table if exists order_items cascade 
2025-12-19 10:19:33 [main] DEBUG org.hibernate.SQL - drop table if exists orders cascade 
2025-12-19 10:19:33 [main] DEBUG org.hibernate.SQL - create table order_items (quantity integer, subtotal numeric(38,2) not null, unit_price numeric(38,2) not null, id bigint generated by default as identity, order_id bigint not null, product_id bigint not null, product_name varchar(255), product_sku varchar(255), primary key (id))
2025-12-19 10:19:33 [main] DEBUG org.hibernate.SQL - create table orders (total_amount numeric(38,2) not null, created_at timestamp(6), estimated_delivery timestamp(6), id bigint generated by default as identity, updated_at timestamp(6), user_id bigint not null, notes varchar(500), billing_address varchar(255), order_number varchar(255) not null unique, payment_method varchar(255), payment_status varchar(255), shipping_address varchar(255), status varchar(255) not null, tracking_number varchar(255), user_email varchar(255), user_name varchar(255), primary key (id))
2025-12-19 10:19:33 [main] DEBUG org.hibernate.SQL - alter table if exists order_items add constraint FKbioxgbv59vetrxe0ejfubep1w foreign key (order_id) references orders
2025-12-19 10:19:33 [main] INFO  o.s.o.j.LocalContainerEntityManagerFactoryBean - Initialized JPA EntityManagerFactory for persistence unit 'default'
2025-12-19 10:19:33 [main] INFO  o.s.d.j.r.q.QueryEnhancerFactories - Hibernate is in classpath; If applicable, HQL parser will be used.
2025-12-19 10:19:33 [main] DEBUG o.s.c.o.FeignClientFactoryBean - Creating a FeignClientFactoryBean.
2025-12-19 10:19:33 [main] WARN  o.s.b.j.a.JpaBaseConfiguration$JpaWebConfiguration - spring.jpa.open-in-view is enabled by default. Therefore, database queries may be performed during view rendering. Explicitly configure spring.jpa.open-in-view to disable this warning
2025-12-19 10:19:33 [main] DEBUG o.s.c.o.FeignClientFactoryBean - Creating a FeignClientFactoryBean.
2025-12-19 10:19:35 [main] INFO  o.s.cloud.commons.util.InetUtils - Cannot determine local hostname
2025-12-19 10:19:35 [main] INFO  o.s.boot.tomcat.TomcatWebServer - Tomcat started on port 8083 (http) with context path '/api'
2025-12-19 10:19:36 [main] INFO  o.s.cloud.commons.util.InetUtils - Cannot determine local hostname
2025-12-19 10:19:36 [main] INFO  c.e.o.OrderServiceApplication - Started OrderServiceApplication in 6.53 seconds (process running for 7.326)
